<?xml version="1.0" encoding="UTF-8"?>
<!-- Generated by org.testng.reporters.JUnitReportReporter -->
<testsuite hostname="DESKTOP-QDGQPOH" failures="0" tests="1" name="classesPackage.Wao" time="5.395" errors="0" timestamp="2020-05-15T16:34:04 PDT" skipped="0">
  <testcase classname="classesPackage.Wao" name="login" time="5.395"/>
  <system-out/>
</testsuite> <!-- classesPackage.Wao -->
