<?xml version="1.0" encoding="UTF-8"?>
<!-- Generated by org.testng.reporters.JUnitReportReporter -->
<testsuite hostname="DESKTOP-QDGQPOH" failures="0" tests="1" name="classesPackage.SeleniumDrivers" time="7.239" errors="0" timestamp="2020-05-15T16:48:34 PDT" skipped="0">
  <testcase classname="classesPackage.SeleniumDrivers" name="GetURL" time="7.239"/>
  <system-out/>
</testsuite> <!-- classesPackage.SeleniumDrivers -->
