<?xml version="1.0" encoding="UTF-8"?>
<!-- Generated by org.testng.reporters.JUnitReportReporter -->
<testsuite hostname="DESKTOP-QDGQPOH" failures="0" tests="4" name="classesPackage.Parameterization" time="0.004" errors="0" timestamp="2020-05-15T14:32:26 PDT" skipped="0">
  <testcase classname="classesPackage.Parameterization" name="regForm" time="0.002"/>
  <system-out/>
  <testcase classname="classesPackage.Parameterization" name="regForm" time="0.001"/>
  <system-out/>
  <testcase classname="classesPackage.Parameterization" name="RunParameterizaion" time="0.000"/>
  <system-out/>
  <testcase classname="classesPackage.Parameterization" name="regForm" time="0.001"/>
  <system-out/>
</testsuite> <!-- classesPackage.Parameterization -->
