<?xml version="1.0" encoding="UTF-8"?>
<!-- Generated by org.testng.reporters.JUnitReportReporter -->
<testsuite hostname="DESKTOP-QDGQPOH" failures="0" tests="4" name="classesPackage.Login" time="0.007" errors="0" timestamp="2020-05-12T17:50:53 PDT" skipped="0">
  <testcase classname="classesPackage.Login" name="LoginAPIHome" time="0.003"/>
  <system-out/>
  <testcase classname="classesPackage.Login" name="MobileLoginOut" time="0.001"/>
  <system-out/>
  <testcase classname="classesPackage.Login" name="MobileLoginHome" time="0.001"/>
  <system-out/>
  <testcase classname="classesPackage.Login" name="WebLoginHome" time="0.002"/>
  <system-out/>
</testsuite> <!-- classesPackage.Login -->
