<?xml version="1.0" encoding="UTF-8"?>
<!-- Generated by org.testng.reporters.JUnitReportReporter -->
<testsuite hostname="DESKTOP-QDGQPOH" failures="0" tests="2" name="classesPackage.Login" time="0.007" errors="0" timestamp="2020-05-13T13:33:08 PDT" skipped="0">
  <testcase classname="classesPackage.Login" name="WebLoginHome" time="0.001"/>
  <system-out/>
  <testcase classname="classesPackage.Login" name="LoginAPIHome" time="0.006"/>
  <system-out/>
</testsuite> <!-- classesPackage.Login -->
