<?xml version="1.0" encoding="UTF-8"?>
<!-- Generated by org.testng.reporters.JUnitReportReporter -->
<testsuite hostname="DESKTOP-QDGQPOH" failures="0" tests="1" name="classesPackage.Parent" time="0.005" errors="0" timestamp="2020-05-12T10:59:02 PDT" skipped="0">
  <testcase classname="classesPackage.Parent" name="f" time="0.005"/>
  <system-out/>
</testsuite> <!-- classesPackage.Parent -->
