<?xml version="1.0" encoding="UTF-8"?>
<!-- Generated by org.testng.reporters.JUnitReportReporter -->
<testsuite hostname="DESKTOP-QDGQPOH" failures="0" tests="1" name="classesPackage.A" time="0.001" errors="0" timestamp="2020-05-12T10:59:02 PDT" skipped="0">
  <testcase classname="classesPackage.A" name="f" time="0.001"/>
  <system-out/>
</testsuite> <!-- classesPackage.A -->
