<?xml version="1.0" encoding="UTF-8"?>
<!-- Generated by org.testng.reporters.JUnitReportReporter -->
<testsuite hostname="DESKTOP-QDGQPOH" failures="0" tests="4" name="classesPackage.Parameterization" time="0.008" errors="0" timestamp="2020-05-13T13:12:54 PDT" skipped="0">
  <testcase classname="classesPackage.Parameterization" name="regForm" time="0.000"/>
  <system-out/>
  <testcase classname="classesPackage.Parameterization" name="regForm" time="0.001"/>
  <system-out/>
  <testcase classname="classesPackage.Parameterization" name="RunParameterizaion" time="0.006"/>
  <system-out/>
  <testcase classname="classesPackage.Parameterization" name="regForm" time="0.001"/>
  <system-out/>
</testsuite> <!-- classesPackage.Parameterization -->
