<?xml version="1.0" encoding="UTF-8"?>
<!-- Generated by org.testng.reporters.JUnitReportReporter -->
<testsuite hostname="DESKTOP-QDGQPOH" failures="0" tests="1" name="classesPackage.Parent" time="0.004" errors="0" timestamp="2020-05-13T13:01:45 PDT" skipped="0">
  <testcase classname="classesPackage.Parent" name="f" time="0.004"/>
  <system-out/>
</testsuite> <!-- classesPackage.Parent -->
